Start : 01/19/24 15:01:19
Script: HSPR_SA.py
Call  : 
Start : 01/19/24 15:05:00
Script: HSPR_SA.py
Call  : 
Start : 01/19/24 15:05:43
Script: HSPR_SA.py
Call  : 
Start : 01/19/24 15:06:20
Script: HSPR_SA.py
Call  : 
Start : 01/19/24 15:06:41
Script: HSPR_SA.py
Call  : 
Start : 01/19/24 15:42:38
Script: HSPR_SA.py
Call  : -ops 10
Start : 01/19/24 15:43:04
Script: HSPR_SA.py
Call  : -ops 10
Start : 01/19/24 18:14:47
Script: HSPR_SA.py
Call  : -ops 10
Start : 01/19/24 18:16:31
Script: HSPR_SA.py
Call  : -ops 10
Start : 01/19/24 18:41:47
Script: HSPR_SA.py
Call  : -ops 2
Start : 01/19/24 18:52:47
Script: HSPR_SA.py
Call  : -ops 1
Start : 01/19/24 18:53:16
Script: HSPR_SA.py
Call  : -ops 1
Start : 01/19/24 18:56:25
Script: HSPR_SA.py
Call  : -ops 1
Start : 01/22/24 14:38:59
Script: HSPR_SA.py
Call  : -ops 10
Start : 01/22/24 14:48:30
Script: HSPR_SA.py
Call  : -ops 10
Start : 01/22/24 15:01:43
Script: HSPR_SA.py
Call  : -ops 10
Start : 01/22/24 15:01:48
Script: HSPR_SA.py
Call  : -ops 10
Start : 01/22/24 15:11:13
Script: HSPR_SA.py
Call  : -ops 10
Start : 01/22/24 15:13:42
Script: HSPR_SA.py
Call  : -ops 10
Start : 01/22/24 15:35:31
Script: HSPR_SA.py
Call  : -ops 10
Start : 01/22/24 15:37:28
Script: HSPR_SA.py
Call  : -ops 10
Start : 01/22/24 18:02:24
Script: HSPR_SA.py
Call  : -ops 10
Start : 01/22/24 18:05:10
Script: HSPR_SA.py
Call  : -ops 10
Start : 01/22/24 18:06:16
Script: HSPR_SA.py
Call  : -ops 10
Start : 01/22/24 18:07:30
Script: HSPR_SA.py
Call  : -ops 10
Start : 01/22/24 18:13:30
Script: HSPR_SA.py
Call  : -ops 10
Start : 01/22/24 18:16:03
Script: HSPR_SA.py
Call  : -ops 10
Start : 01/25/24 16:35:26
Script: HSPR_SA.py
Call  : -ops 10
Start : 01/25/24 16:41:49
Script: HSPR_SA.py
Call  : -ops 10
Start : 01/25/24 16:43:01
Script: HSPR_SA.py
Call  : -ops 10
Start : 01/25/24 16:43:37
Script: HSPR_SA.py
Call  : -ops 10
Start : 01/25/24 16:45:02
Script: HSPR_SA.py
Call  : -ops 10
Start : 01/25/24 17:12:33
Script: HSPR_SA.py
Call  : -ops 10
Start : 01/25/24 17:13:20
Script: HSPR_SA.py
Call  : -ops 10
Start : 01/25/24 17:14:44
Script: HSPR_SA.py
Call  : -ops 10
Start : 02/19/24 05:59:24
Script: HSPR_SA.py
Call  : -ops 5 -nit 1
Start : 02/19/24 05:59:44
Script: HSPR_SA.py
Call  : -ops 5 -nit 1
Start : 02/19/24 06:01:57
Script: HSPR_SA.py
Call  : -ops 5 -nit 1 -ifp 5000
Start : 02/19/24 06:08:46
Script: HSPR_SA.py
Call  : -ops 5 -nit 1 -ifp 5000 -ram 0.1 -rma 5.0
Start : 02/19/24 06:09:45
Script: HSPR_SA.py
Call  : -ops 5 -nit 1 -ifp 5000 -ram 0.1 -rma 5.0
Start : 02/19/24 06:22:01
Script: HSPR_SA.py
Call  : -ops 5 -nit 1 -ifp 5000 -ram 0.1 -rma 5.0
Start : 02/19/24 06:22:23
Script: HSPR_SA.py
Call  : -ops 5 -nit 1 -ifp 5000 -ram 0.1 -rma 5.0 -tsp 100 -hss 50 -hsd 10
Start : 02/19/24 06:23:36
Script: HSPR_SA.py
Call  : -ops 5 -nit 1 -ifp 5000 -ram 0.1 -rma 5.0 -tsp 100 -hss 50 -hsd 10
Start : 02/19/24 06:24:37
Script: HSPR_SA.py
Call  : -ops 5 -nit 1 -ifp 5000 -ram 0.1 -rma 5.0 -tsp 100 -hss 50 -hsd 10
Start : 02/19/24 06:25:07
Script: HSPR_SA.py
Call  : -ops 5 -nit 1 -ifp 5000 -ram 0.1 -rma 5.0 -tsp 100 -hss 50 -hsd 10
Start : 02/19/24 06:27:28
Script: HSPR_SA.py
Call  : -ops 5 -nit 2 -ifp 5000 -ram 0.1 -rma 5.0 -tsp 100 -hss 50 -hsd 10
Start : 02/19/24 06:39:06
Script: HSPR_SA.py
Call  : -ops 5 -nit 2 -ifp 5000 -ram 0.1 -rma 5.0 -tsp 100 -hss 50 -hsd 10
Start : 02/19/24 06:41:16
Script: HSPR_SA.py
Call  : -ops 5 -nit 2 -ifp 5000 -ram 0.1 -rma 5.0 -tsp 100 -hss 50 -hsd 10
Start : 02/19/24 07:17:34
Script: HSPR_SA.py
Call  : -ops 5 -nit 1 -ifp 5000 -ram 0.1 -rma 5.0 -tsp 1000 -hss 700 -hsd 50
Start : 02/19/24 07:18:39
Script: HSPR_SA.py
Call  : -ops 20 -nit 1 -ifp 5000 -ram 0.1 -rma 5.0 -tsp 1000 -hss 700 -hsd 50
Start : 02/19/24 07:25:58
Script: HSPR_SA.py
Call  : -ops 20 -nit 1 -ifp 5000 -ram 0.1 -rma 5.0 -tsp 1000 -hss 700 -hsd 50
Start : 02/19/24 07:47:54
Script: HSPR_SA.py
Call  : -ops 20 -nit 1 -ifp 5000 -ram 0.1 -rma 5.0 -tsp 1000 -hss 700 -hsd 50
Start : 02/19/24 07:48:15
Script: HSPR_SA.py
Call  : -ops 20 -nit 1 -ifp 5000 -ram 0.1 -rma 5.0 -tsp 1000 -hss 700 -hsd 50
Start : 02/19/24 08:05:24
Script: HSPR_SA.py
Call  : -ops 5 -nit 1 -ifp 5000 -ram 0.1 -rma 5.0 -tsp 100 -hss 70 -hsd 5
Start : 02/19/24 08:06:43
Script: HSPR_SA.py
Call  : -ops 5 -nit 1 -ifp 5000 -ram 0.1 -rma 5.0 -tsp 100 -hss 70 -hsd 5
Start : 02/19/24 08:06:54
Script: HSPR_SA.py
Call  : -ops 2 -nit 1 -ifp 5000 -ram 0.1 -rma 5.0 -tsp 100 -hss 70 -hsd 5
Start : 02/19/24 08:09:06
Script: HSPR_SA.py
Call  : -ops 2 -nit 1 -ifp 5000 -ram 0.1 -rma 5.0 -tsp 100 -hss 70 -hsd 5
Start : 02/19/24 08:09:23
Script: HSPR_SA.py
Call  : -ops 2 -nit 1 -ifp 5000 -ram 0.1 -rma 5.0 -tsp 100 -hss 70 -hsd 5
Start : 02/19/24 08:16:06
Script: HSPR_SA.py
Call  : -ops 2 -nit 1 -ifp 5000 -ram 0.1 -rma 5.0 -tsp 100 -hss 70 -hsd 5
Start : 02/19/24 18:13:13
Script: HSPR_SA.py
Call  : -ops 2 -nit 1 -ifp 5000 -ram 0.1 -rma 5.0 -tsp 100 -hss 70 -hsd 5
Start : 02/19/24 18:17:13
Script: HSPR_SA.py
Call  : -ops 2 -nit 1 -ifp 5000 -ram 0.1 -rma 5.0 -tsp 100 -hss 70 -hsd 5
Start : 02/19/24 18:18:08
Script: HSPR_SA.py
Call  : -ops 2 -nit 1 -ifp 5000 -ram 0.1 -rma 5.0 -tsp 100 -hss 70 -hsd 5
Start : 02/19/24 18:20:44
Script: HSPR_SA.py
Call  : -ops 2 -nit 1 -ifp 5000 -ram 0.1 -rma 5.0 -tsp 100 -hss 70 -hsd 5
Start : 02/19/24 18:20:55
Script: HSPR_SA.py
Call  : -ops 2 -nit 1 -ifp 5000 -ram 0.1 -rma 5.0 -tsp 15 -hss 7 -hsd 5
Start : 02/19/24 18:23:29
Script: HSPR_SA.py
Call  : -ops 2 -nit 1 -ifp 5000 -ram 0.1 -rma 5.0 -tsp 15 -hss 7 -hsd 5
Start : 02/19/24 18:30:47
Script: HSPR_SA.py
Call  : -ops 2 -nit 1 -ifp 5000 -ram 0.1 -rma 5.0 -tsp 15 -hss 7 -hsd 5
Start : 02/19/24 18:31:11
Script: HSPR_SA.py
Call  : -ops 2 -nit 1 -ifp 5000 -ram 0.1 -rma 5.0 -tsp 15 -hss 7 -hsd 5
Start : 02/19/24 18:31:50
Script: HSPR_SA.py
Call  : -ops 2 -nit 1 -ifp 5000 -ram 0.1 -rma 5.0 -tsp 15 -hss 7 -hsd 5
Start : 02/20/24 04:46:29
Script: HSPR_SA.py
Call  : -ops 2 -nit 1 -ifp 5000 -ram 0.1 -rma 5.0 -tsp 15 -hss 7 -hsd 5
Start : 02/20/24 04:47:42
Script: HSPR_SA.py
Call  : -ops 2 -nit 1 -ifp 5000 -ram 0.1 -rma 5.0 -tsp 15 -hss 7 -hsd 5
Start : 02/20/24 04:52:15
Script: HSPR_SA.py
Call  : -ops 2 -nit 1 -ifp 5000 -ram 0.1 -rma 5.0 -tsp 300 -hss 100 -hsd 50
Start : 02/20/24 04:54:41
Script: HSPR_SA.py
Call  : -ops 2 -nit 1 -ifp 5000 -ram 0.1 -rma 5.0 -tsp 300 -hss 100 -hsd 50
Start : 02/20/24 04:55:24
Script: HSPR_SA.py
Call  : -ops 2 -nit 1 -ifp 5000 -ram 0.1 -rma 5.0 -tsp 300 -hss 100 -hsd 50
Start : 02/20/24 04:55:33
Script: HSPR_SA.py
Call  : -ops 2 -nit 1 -ifp 5000 -ram 0.1 -rma 5.0 -tsp 30 -hss 10 -hsd 5
Start : 02/20/24 05:00:55
Script: HSPR_SA.py
Call  : -ops 2 -nit 1 -ifp 5000 -ram 0.1 -rma 5.0 -tsp 30 -hss 10 -hsd 5
Start : 02/20/24 05:03:32
Script: HSPR_SA.py
Call  : -ops 2 -nit 1 -ifp 5000 -ram 0.1 -rma 5.0 -tsp 30 -hss 10 -hsd 5
Start : 02/20/24 05:06:26
Script: HSPR_SA.py
Call  : -ops 2 -nit 1 -ifp 5000 -ram 0.1 -rma 5.0 -tsp 30 -hss 10 -hsd 5
Start : 02/20/24 05:11:25
Script: HSPR_SA.py
Call  : -ops 2 -nit 1 -ifp 5000 -ram 0.1 -rma 5.0 -tsp 30 -hss 10 -hsd 5
Start : 02/20/24 05:19:07
Script: HSPR_SA.py
Call  : -ops 20 -nit 3 -ifp 5000 -ram 0.1 -rma 5.0 -tsp 900 -hss 600 -hsd 50
Start : 02/20/24 05:44:28
Script: HSPR_SA.py
Call  : -ops 5 -nit 2 -ifp 5000 -ram 0.1 -rma 5.0 -tsp 900 -hss 600 -hsd 50
Start : 02/24/24 20:50:18
Script: HSPR_SA.py
Call  : -ops 5 -nit 1 -ifp 5000 -ram 0.1 -rma 5.0 -tsp 900 -hss 600 -hsd 50
Start : 02/24/24 20:57:04
Script: HSPR_SA.py
Call  : -ops 5 -nit 1 -ifp 5000 -ram 0.1 -rma 5.0 -tsp 900 -hss 600 -hsd 50
Start : 02/24/24 20:57:27
Script: HSPR_SA.py
Call  : -ops 2 -nit 1 -ifp 5000 -ram 0.1 -rma 5.0 -tsp 900 -hss 600 -hsd 50
Start : 02/24/24 21:16:13
Script: HSPR_SA.py
Call  : -ops 50 -nit 1 -ifp 5000 -ram 0.1 -rma 5.0 -tsp 900 -hss 600 -hsd 50
Start : 02/24/24 21:18:08
Script: HSPR_SA.py
Call  : -ops 50 -nit 1 -ifp 5000 -ram 0.1 -rma 5.0 -tsp 900 -hss 600 -hsd 50
Start : 02/24/24 21:19:38
Script: HSPR_SA.py
Call  : -ops 50 -nit 1 -ifp 5000 -ram 0.1 -rma 5.0 -tsp 900 -hss 600 -hsd 50
Start : 02/25/24 15:59:52
Script: HSPR_SA.py
Call  : -ops 50 -nit 1 -ifp 5000 -ram 0.1 -rma 5.0 -tsp 900 -hss 600 -hsd 50
Start : 02/25/24 16:00:05
Script: HSPR_SA.py
Call  : -ops 5 -nit 1 -ifp 5000 -ram 0.1 -rma 5.0 -tsp 900 -hss 600 -hsd 50
Start : 02/25/24 18:10:28
Script: HSPR_SA.py
Call  : -ops 2
Start : 02/25/24 18:10:34
Script: HSPR_SA.py
Call  : -ops 2 -nit 1
Start : 02/25/24 18:12:07
Script: HSPR_SA.py
Call  : -ops 2 -nit 1
Start : 02/25/24 18:22:04
Script: HSPR_SA.py
Call  : -ops 2 -nit 1
Start : 02/25/24 18:22:14
Script: HSPR_SA.py
Call  : -ops 2 -nit 1 -tsp 10
Start : 02/25/24 18:42:04
Script: HSPR_SA.py
Call  : -ops 2 -nit 1 -tsp 10
Start : 02/25/24 18:42:31
Script: HSPR_SA.py
Call  : -ops 2 -nit 1
Start : 02/25/24 18:47:40
Script: HSPR_SA.py
Call  : -ops 50 -nit 1 -ifp 5000 -ram 0.1 -rma 5.0 -tsp 900 -hss 600 -hsd 10
Start : 02/25/24 18:55:39
Script: HSPR_SA.py
Call  : -ops 5 -nit 1 -ifp 5000 -ram 0.1 -rma 5.0 -tsp 900 -hss 600 -hsd 50
Start : 02/25/24 20:04:06
Script: HSPR_SA.py
Call  : -ops 2 -nit 1 -ifp 5000 -ram 0.1 -rma 0.1 -tsp 900 -hss 600 -hsd 50
Start : 02/25/24 20:12:19
Script: HSPR_SA.py
Call  : -ops 2 -nit 1 -ifp 5000 -ram 0.1 -rma 0.1 -tsp 900 -hss 600 -hsd 50
Start : 02/25/24 20:17:19
Script: HSPR_SA.py
Call  : -ops 5 -nit 1 -ifp 5000 -ram 0.1 -rma 0.1 -tsp 900 -hss 600 -hsd 50
Start : 02/25/24 20:21:29
Script: HSPR_SA.py
Call  : -ops 50 -nit 1 -ifp 5000 -ram 0.1 -rma 0.1 -tsp 900 -hss 600 -hsd 50
Start : 02/25/24 22:15:04
Script: HSPR_SA.py
Call  : -ops 50 -nit 1 -ifp 5000 -ram 0.1 -rma 0.1 -tsp 900 -hss 600 -hsd 50
Start : 02/25/24 22:16:23
Script: HSPR_SA.py
Call  : -ops 50 -nit 1 -ifp 5000 -ram 0.1 -rma 0.1 -tsp 900 -hss 600 -hsd 50
Start : 02/26/24 02:27:26
Script: HSPR_SA.py
Call  : -ops 100 -nit 1 -ifp 5000 -ram 0.1 -rma 0.1 -tsp 900 -hss 600 -hsd 50
Start : 02/26/24 02:31:13
Script: HSPR_SA.py
Call  : -ops 100 -nit 1 -ifp 5000 -ram 0.1 -rma 0.1 -tsp 900 -hss 600 -hsd 50
Start : 02/26/24 02:37:37
Script: HSPR_SA.py
Call  : -ops 100 -nit 5 -ifp 5000 -ram 0.1 -rma 0.1 -tsp 900 -hss 600 -hsd 50
Start : 02/26/24 02:38:21
Script: HSPR_SA.py
Call  : -ops 50 -nit 5 -ifp 5000 -ram 0.1 -rma 0.1 -tsp 900 -hss 600 -hsd 50
Start : 02/26/24 02:53:16
Script: HSPR_SA.py
Call  : -ops 2 -nit 1 -ifp 5000 -ram 0.1 -rma 0.1 -tsp 900 -hss 600 -hsd 50
Start : 02/26/24 02:53:40
Script: HSPR_SA.py
Call  : -ops 2 -nit 1 -ifp 5000 -ram 0.1 -rma 0.1 -tsp 900 -hss 600 -hsd 50
Start : 02/26/24 02:57:15
Script: HSPR_SA.py
Call  : -ops 50 -nit 5 -ifp 5000 -ram 0.1 -rma 0.1 -tsp 900 -hss 600 -hsd 50
Start : 02/26/24 08:06:31
Script: HSPR_SA.py
Call  : -ops 1 -nit 1 -ifp 5000 -ram 0.1 -rma 0.1 -tsp 900 -hss 600 -hsd 50 -sop 0
Start : 02/26/24 08:06:48
Script: HSPR_SA.py
Call  : -ops 1 -nit 1 -ifp 5000 -ram 0.1 -rma 0.1 -tsp 900 -hss 600 -hsd 50 -sop 0
Start : 02/26/24 08:06:53
Script: HSPR_SA.py
Call  : -ops 1 -nit 1 -ifp 5000 -ram 0.1 -rma 0.1 -tsp 900 -hss 600 -hsd 50
Start : 02/26/24 08:08:40
Script: HSPR_SA.py
Call  : -ops 1 -nit 1 -ifp 5000 -ram 0.1 -rma 0.1 -tsp 900 -hss 600 -hsd 50
Start : 02/26/24 08:27:50
Script: HSPR_SA.py
Call  : -ops 2 -nit 1 -hAA 6.0 -hAH 5.0 -hAB 15.0 -ram 0.5 -rma 0.5 -a6R 4.0 -lga 0.0025 -lgb 0.001 -lgh 0.001 -ifp 5000
Start : 02/26/24 08:28:56
Script: HSPR_SA.py
Call  : -ops 2 -nit 1 -hAA 6.0 -hAH 5.0 -hAB 15.0 -ram 0.5 -rma 0.5 -a6R 4.0 -lga 0.0025 -lgb 0.001 -lgh 0.001 -ifp 5000
Start : 02/26/24 08:32:39
Script: HSPR_SA.py
Call  : -ops 2 -nit 1 -hAA 6.0 -hAH 5.0 -hAB 15.0 -ram 0.5 -rma 0.5 -a6R 4.0 -lga 0.0025 -lgb 0.001 -lgh 0.001 -ifp 5000
Start : 02/26/24 08:32:57
Script: HSPR_SA.py
Call  : -ops 2 -nit 1 -hAA 6.0 -hAH 5.0 -hAB 15.0 -ram 0.5 -rma 0.5 -a6R 4.0 -lga 0.0001 -lgb 0.001 -lgh 0.001 -ifp 5000
Start : 02/28/24 23:08:31
Script: HSPR_SA.py
Call  : -ops 50 -nit 5
Start : 02/28/24 23:24:17
Script: HSPR_SA.py
Call  : -ops 50 -nit 5 -cof fctHSPR
Start : 02/28/24 23:33:03
Script: HSPR_SA.py
Call  : -ops 50 -nit 5 -cof maxFMP
Start : 02/29/24 03:54:30
Script: HSPR_SA.py
Call  : -ops 50 -nit 5 -cof maxFMP -mdn d1upCons
Start : 02/29/24 03:55:57
Script: HSPR_SA.py
Call  : -ops 50 -nit 5 -cof maxFMP -mdn d1upCons
Start : 02/29/24 03:56:12
Script: HSPR_SA.py
Call  : -ops 50 -nit 5 -mdn d1upCons
Start : 02/29/24 03:56:31
Script: HSPR_SA.py
Call  : -ops 50 -nit 5 -cof fctHSPR -mdn d1upCons
Start : 02/29/24 06:21:55
Script: HSPR_SA.py
Call  : -ops 50 -nit 5 -cof fctHSPR -mdn d1upCons
Start : 02/29/24 06:22:00
Script: HSPR_SA.py
Call  : -ops 50 -nit 5 -mdn d1upCons
Start : 02/29/24 06:22:07
Script: HSPR_SA.py
Call  : -ops 50 -nit 5 -cof maxFMP -mdn d1upCons
Start : 03/01/24 15:29:55
Script: HSPR_SA.py
Call  : -ops 2 -nit 2 -mdn woA2 -hsd 1
Start : 03/01/24 15:31:16
Script: HSPR_SA.py
Call  : -ops 2 -nit 2 -mdn woA2 -hsd 1
Start : 03/01/24 15:33:07
Script: HSPR_SA.py
Call  : -ops 2 -nit 2 -mdn woA2 -hsd 1 -sop0
Start : 03/01/24 15:33:10
Script: HSPR_SA.py
Call  : -ops 2 -nit 2 -mdn woA2 -hsd 1 -sop 0
Start : 03/01/24 15:33:18
Script: HSPR_SA.py
Call  : -ops 2 -nit 2 -mdn woA2 -hsd 1 -sop 0
Start : 03/01/24 15:35:11
Script: HSPR_SA.py
Call  : -ops 2 -nit 2 -mdn woA2 -hsd 1
Start : 03/01/24 15:36:14
Script: HSPR_SA.py
Call  : -ops 2 -nit 2 -mdn woA2 -hsd 1
Start : 03/01/24 15:40:10
Script: HSPR_SA.py
Call  : -ops 1 -nit 1 -mdn woA2 -hsd 1
Start : 03/01/24 15:47:10
Script: HSPR_SA.py
Call  : -ops 5 -nit 5 -mdn woA2 -hsd 1 -cof fctHSPR
Start : 03/01/24 15:51:42
Script: HSPR_SA.py
Call  : -ops 50 -nit 5 -mdn woA2 -hsd 1 -cof fctHSPR
Start : 03/01/24 16:04:54
Script: HSPR_SA.py
Call  : -ops 1 -nit 5 -mdn d1upCons
Start : 03/01/24 16:06:51
Script: HSPR_SA.py
Call  : -ops 1 -nit 5 -mdn d1upCons
Start : 03/01/24 16:15:05
Script: HSPR_SA.py
Call  : -ops 1 -nit 5 -mdn d1upCons -hAA 2.0 -hAH 4.0 -hAB 10.0
Start : 03/01/24 16:20:41
Script: HSPR_SA.py
Call  : -ops 1 -nit 5 -mdn d1upCons -hAA 3.0 -hAH 4.0 -hAB 10.0
Start : 03/11/24 12:14:00
Script: HSPR_SA.py
Call  : -ops 5 -mdn woA2 -nit 1
Start : 03/11/24 12:17:13
Script: HSPR_SA.py
Call  : -ops 5 -mdn woA2 -nit 1 -hsd 30
Start : 03/11/24 12:20:46
Script: HSPR_SA.py
Call  : -ops 50 -mdn woA2 -nit 5 -hsd 5
