Start : 12/05/23 14:46:42
Script: HSPR_AZ_hpc.py
Call  : -nit 1
Start : 12/05/23 14:47:18
Script: HSPR_AZ_hpc.py
Call  : -nit 1
Start : 12/05/23 14:47:35
Script: HSPR_AZ_hpc.py
Call  : -nit 1 -tsp 50
Start : 12/05/23 14:50:24
Script: HSPR_AZ_hpc.py
Call  : -nit 1 -lkg 0.001
Start : 12/06/23 16:01:02
Script: HSPR_AZ_hpc.py
Call  : -nit 5 -lkg 0.001
Start : 12/07/23 02:02:27
Script: HSPR_AZ_hpc.py
Call  : -nit 5 -lkg 0.001 -hco 2
Start : 12/08/23 16:28:07
Script: HSPR_AZ_hpc.py
Call  : -nit 5 -lkg 0.001 -amh 5
Start : 12/08/23 16:28:17
Script: HSPR_AZ_hpc.py
Call  : -nit 5 -lkg 0.001 -amh 5.0
Start : 12/08/23 17:39:25
Script: HSPR_AZ_hpc.py
Call  : -nit 5 -lkg 0.001 -hhs 10.0
Start : 12/08/23 17:45:51
Script: HSPR_AZ_hpc.py
Call  : -nit 5 -lkg 0.001 -hhs 10.0
Start : 12/08/23 17:47:46
Script: HSPR_AZ_hpc.py
Call  : -nit 5 -lkg 0.001 -hhs 10.0 -ma1 20.0
Start : 12/13/23 18:57:23
Script: HSPR_AZ_hpc.py
Call  : -nit 10 -hco 2 -lkg 0.001 -hhs 10.0 -ma1 20 -fpp 50
Start : 12/13/23 18:57:37
Script: HSPR_AZ_hpc.py
Call  : -nit 10 -hco 2 -lkg 0.001 -hhs 10.0 -ma1 20.0 -fpp 50.0
Start : 01/08/24 17:47:53
Script: HSPR_AZ_hpc.py
Call  : -nit 4
Start : 01/08/24 17:48:50
Script: HSPR_AZ_hpc.py
Call  : -nit 4
Start : 01/08/24 17:54:12
Script: HSPR_AZ_hpc.py
Call  : -nit 4
Start : 01/08/24 17:54:32
Script: HSPR_AZ_hpc.py
Call  : -nit 4
Start : 01/08/24 17:57:14
Script: HSPR_AZ_hpc.py
Call  : -nit 4
Start : 01/08/24 17:57:29
Script: HSPR_AZ_hpc.py
Call  : -nit 4
Start : 01/08/24 17:57:52
Script: HSPR_AZ_hpc.py
Call  : -nit 4
Start : 01/08/24 17:58:04
Script: HSPR_AZ_hpc.py
Call  : -nit 4
Start : 01/08/24 17:58:12
Script: HSPR_AZ_hpc.py
Call  : -nit 4
Start : 01/08/24 17:59:12
Script: HSPR_AZ_hpc.py
Call  : -nit 4
Start : 01/08/24 17:59:46
Script: HSPR_AZ_hpc.py
Call  : -nit 4
Start : 01/08/24 18:00:17
Script: HSPR_AZ_hpc.py
Call  : -nit 4
Start : 01/08/24 18:02:19
Script: HSPR_AZ_hpc.py
Call  : -nit 4
Start : 01/08/24 18:02:58
Script: HSPR_AZ_hpc.py
Call  : -nit 4
Start : 01/08/24 18:06:55
Script: HSPR_AZ_hpc.py
Call  : -nit 4
Start : 01/08/24 18:09:12
Script: HSPR_AZ_hpc.py
Call  : -nit 4
Start : 01/08/24 18:10:12
Script: HSPR_AZ_hpc.py
Call  : -nit 4
Start : 01/08/24 18:11:17
Script: HSPR_AZ_hpc.py
Call  : -nit 4
Start : 01/08/24 18:17:42
Script: HSPR_AZ_hpc.py
Call  : -nit 4
Start : 01/08/24 18:18:34
Script: HSPR_AZ_hpc.py
Call  : -nit 4
Start : 01/08/24 18:18:41
Script: HSPR_AZ_hpc.py
Call  : -nit 4
Start : 01/08/24 18:18:59
Script: HSPR_AZ_hpc.py
Call  : -nit 4
Start : 01/08/24 18:19:24
Script: HSPR_AZ_hpc.py
Call  : -nit 4
