Start : 12/05/23 11:14:49
Script: HSPR_AZ_plot.py
Call  : -ids 2023-12-04_numIter2_Time500.00226623247835_HSstart10000_HSduration5000.csv
Start : 12/05/23 11:15:38
Script: HSPR_AZ_plot.py
Call  : -ids 2023-12-04_numIter2_Time500.00226623247835_HSstart10000_HSduration5000.csv
Start : 12/05/23 11:16:40
Script: HSPR_AZ_plot.py
Call  : -ids 2023-12-04_numIter2_Time500.00226623247835_HSstart10000_HSduration5000.csv
Start : 12/05/23 11:17:40
Script: HSPR_AZ_plot.py
Call  : -ids 2023-12-04_numIter2_Time500.00226623247835_HSstart10000_HSduration5000.csv
Start : 12/05/23 11:18:55
Script: HSPR_AZ_plot.py
Call  : -ids 2023-12-04_numIter2_Time500.00226623247835_HSstart10000_HSduration5000.csv
Start : 12/05/23 11:29:03
Script: HSPR_AZ_plot.py
Call  : -ids 2023-12-04_numIter2_Time500.00226623247835_HSstart10000_HSduration5000.csv
Start : 12/05/23 12:02:37
Script: HSPR_AZ_plot.py
Call  : -ids 2023-12-04_numIter2_Time500.00226623247835_HSstart10000_HSduration5000.csv
Start : 12/05/23 15:28:46
Script: HSPR_AZ_plot.py
Call  : -ids 2023-12-05_numIter1_Time20000.075281823003_HSstart10000_HSduration5000.csv
Start : 12/05/23 15:30:43
Script: HSPR_AZ_plot.py
Call  : -ids 2023-12-05_numIter1_Time20000.075281823003_HSstart10000_HSduration5000.csv
Start : 12/05/23 15:32:03
Script: HSPR_AZ_plot.py
Call  : -ids 2023-12-05_numIter1_Time20000.075281823003_HSstart10000_HSduration5000.csv
Start : 12/05/23 15:32:22
Script: HSPR_AZ_plot.py
Call  : -ids 2023-12-05_numIter1_Time20000.075281823003_HSstart10000_HSduration5000.csv
Start : 12/05/23 16:31:26
Script: HSPR_AZ_plot.py
Call  : -ids 2023-12-05_numIter1_Time20000.075281823003_HSstart10000_HSduration5000.csv
Start : 12/05/23 16:33:43
Script: HSPR_AZ_plot.py
Call  : -ids 2023-12-05_numIter1_Time20000.075281823003_HSstart10000_HSduration5000.csv
Start : 12/05/23 16:34:01
Script: HSPR_AZ_plot.py
Call  : -ids 2023-12-05_numIter1_Time20000.075281823003_HSstart10000_HSduration5000.csv
Start : 12/05/23 16:36:08
Script: HSPR_AZ_plot.py
Call  : -ids 2023-12-05_numIter1_Time20000.075281823003_HSstart10000_HSduration5000.csv
Start : 12/05/23 16:36:20
Script: HSPR_AZ_plot.py
Call  : -ids 2023-12-05_numIter1_Time20000.075281823003_HSstart10000_HSduration5000.csv
Start : 12/05/23 16:50:30
Script: HSPR_AZ_plot.py
Call  : -ids 2023-12-05_numIter1_Time20000.075281823003_HSstart10000_HSduration5000.csv
Start : 12/06/23 16:13:42
Script: HSPR_AZ_plot.py
Call  : -ids 2023-12-06_numIter5_Time20000.072636003442_HSstart10000_HSduration5000.csv
Start : 12/06/23 16:32:36
Script: HSPR_AZ_plot.py
Call  : -ids 2023-12-06_numIter5_Time20000.072636003442_HSstart10000_HSduration5000.csv -van 1
Start : 12/06/23 16:33:16
Script: HSPR_AZ_plot.py
Call  : -ids 2023-12-06_numIter5_Time20000.072636003442_HSstart10000_HSduration5000.csv -van 1
Start : 12/08/23 16:24:24
Script: HSPR_AZ_plot.py
Call  : -ids 2023-12-07_numIter5_Time20000.001000952718_HSstart10000_HSduration5000.csv
Start : 12/08/23 16:43:23
Script: HSPR_AZ_plot.py
Call  : -ids 2023-12-08_numIter5_Time20000.006918364208_HSstart10000_HSduration5000.csv
Start : 12/08/23 18:00:48
Script: HSPR_AZ_plot.py
Call  : -ids 2023-12-08_numIter5_Time20000.023105241737_HSstart10000_HSduration5000.csv
Start : 12/14/23 13:50:23
Script: HSPR_AZ_plot.py
Call  : -ids 2023-12-14_numIter10_Time20000.009681623687_HSstart10000_HSduration5000.csv -van 1
Start : 12/14/23 15:08:40
Script: HSPR_AZ_plot.py
Call  : -ids Exp3_SimuData_2023-12-14_numIter5_Time20000.03395620179_HSstart10000_HSduration5000.csv
Start : 12/14/23 15:08:56
Script: HSPR_AZ_plot.py
Call  : -ids 2023-12-14_numIter5_Time20000.03395620179_HSstart10000_HSduration5000.csv
Start : 12/14/23 15:21:23
Script: HSPR_AZ_plot.py
Call  : -ids 2023-12-14_numIter10_Time20000.100038337063_HSstart10000_HSduration5000.csv -van 1
Start : 12/14/23 15:49:26
Script: HSPR_AZ_plot.py
Call  : -ids 2023-12-14_numIter10_Time20000.006174139522_HSstart10000_HSduration5000.csv -van 1
Start : 12/14/23 16:29:53
Script: HSPR_AZ_plot.py
Call  : -ids 2023-12-14_numIter10_Time20000.005613451918_HSstart10000_HSduration5000.csv -van 1
Start : 12/14/23 16:41:20
Script: HSPR_AZ_plot.py
Call  : -ids 2023-12-14_numIter10_Time20000.005613451918_HSstart10000_HSduration5000.csv -sfg 0
Start : 12/14/23 16:43:57
Script: HSPR_AZ_plot.py
Call  : -ids 2023-12-14_numIter10_Time20000.005613451918_HSstart10000_HSduration5000.csv -sfg 0
Start : 12/14/23 16:51:26
Script: HSPR_AZ_plot.py
Call  : -ids 2023-12-14_numIter10_Time20000.005613451918_HSstart10000_HSduration5000.csv -sfg 0
Start : 12/14/23 17:50:18
Script: HSPR_AZ_plot.py
Call  : -ids 2023-12-14_numIter10_Time20000.005613451918_HSstart10000_HSduration5000.csv -sfg 1
Start : 12/14/23 17:58:24
Script: HSPR_AZ_plot.py
Call  : -ids 2023-12-14_numIter5_Time20000.008778015683_HSstart10000_HSduration5000.csv
Start : 01/07/24 21:46:51
Script: HSPR_AZ_plot.py
Call  : -ids 2023-12-14_numIter5_Time20000.008778015683_HSstart10000_HSduration5000.csv
Start : 01/07/24 21:59:21
Script: HSPR_AZ_plot.py
Call  : -ids 2023-12-14_numIter5_Time20000.008778015683_HSstart10000_HSduration5000.csv
Start : 01/07/24 21:59:44
Script: HSPR_AZ_plot.py
Call  : -ids 2023-12-14_numIter5_Time20000.008778015683_HSstart10000_HSduration5000.csv
Start : 01/07/24 22:02:50
Script: HSPR_AZ_plot.py
Call  : -ids 2023-12-14_numIter5_Time20000.008778015683_HSstart10000_HSduration5000.csv
Start : 01/07/24 22:04:50
Script: HSPR_AZ_plot.py
Call  : -ids 2023-12-14_numIter5_Time20000.008778015683_HSstart10000_HSduration5000.csv
Start : 01/07/24 22:22:12
Script: HSPR_AZ_plot.py
Call  : -ids 2023-12-14_numIter5_Time20000.008778015683_HSstart10000_HSduration5000.csv -van 1 -sfg 0
Start : 01/07/24 22:22:52
Script: HSPR_AZ_plot.py
Call  : -ids 2023-12-14_numIter5_Time20000.008778015683_HSstart10000_HSduration5000.csv -van 1 -sfg 0
Start : 01/07/24 22:24:04
Script: HSPR_AZ_plot.py
Call  : -ids 2023-12-14_numIter5_Time20000.008778015683_HSstart10000_HSduration5000.csv -van 1 -sfg 0
Start : 01/07/24 22:24:53
Script: HSPR_AZ_plot.py
Call  : -ids 2023-12-14_numIter5_Time20000.008778015683_HSstart10000_HSduration5000.csv -van 1 -sfg 0
Start : 01/07/24 22:26:21
Script: HSPR_AZ_plot.py
Call  : -ids 2023-12-14_numIter5_Time20000.008778015683_HSstart10000_HSduration5000.csv -van 1 -sfg 0
Start : 01/07/24 22:27:11
Script: HSPR_AZ_plot.py
Call  : -ids 2023-12-14_numIter5_Time20000.008778015683_HSstart10000_HSduration5000.csv -van 1 -sfg 0
Start : 01/07/24 22:32:01
Script: HSPR_AZ_plot.py
Call  : -ids 2023-12-14_numIter5_Time20000.008778015683_HSstart10000_HSduration5000.csv -van 1 -sfg 0
Start : 01/07/24 22:32:24
Script: HSPR_AZ_plot.py
Call  : -ids 2023-12-14_numIter5_Time20000.008778015683_HSstart10000_HSduration5000.csv -van 1 -sfg 0
Start : 01/07/24 22:32:54
Script: HSPR_AZ_plot.py
Call  : -ids 2023-12-14_numIter5_Time20000.008778015683_HSstart10000_HSduration5000.csv -van 1 -sfg 0
Start : 01/07/24 22:35:02
Script: HSPR_AZ_plot.py
Call  : -ids 2023-12-14_numIter5_Time20000.008778015683_HSstart10000_HSduration5000.csv -van 1 -sfg 0
Start : 01/07/24 22:35:35
Script: HSPR_AZ_plot.py
Call  : -ids 2023-12-14_numIter5_Time20000.008778015683_HSstart10000_HSduration5000.csv -van 1 -sfg 0
Start : 01/07/24 22:37:56
Script: HSPR_AZ_plot.py
Call  : -ids 2023-12-14_numIter5_Time20000.008778015683_HSstart10000_HSduration5000.csv -van 1 -sfg 0
Start : 01/07/24 22:40:39
Script: HSPR_AZ_plot.py
Call  : -ids 2023-12-14_numIter5_Time20000.008778015683_HSstart10000_HSduration5000.csv -van 1 -sfg 0
Start : 01/07/24 22:41:40
Script: HSPR_AZ_plot.py
Call  : -ids 2023-12-14_numIter5_Time20000.008778015683_HSstart10000_HSduration5000.csv -van 1 -sfg 0
Start : 01/07/24 22:42:29
Script: HSPR_AZ_plot.py
Call  : -ids 2023-12-14_numIter5_Time20000.008778015683_HSstart10000_HSduration5000.csv -van 1 -sfg 0
Start : 01/07/24 22:42:41
Script: HSPR_AZ_plot.py
Call  : -ids 2023-12-14_numIter5_Time20000.008778015683_HSstart10000_HSduration5000.csv -van 1 -sfg 0
Start : 01/07/24 22:45:31
Script: HSPR_AZ_plot.py
Call  : -ids 2023-12-14_numIter5_Time20000.008778015683_HSstart10000_HSduration5000.csv -van 1 -sfg 0
Start : 01/07/24 22:45:39
Script: HSPR_AZ_plot.py
Call  : -ids 2023-12-14_numIter5_Time20000.008778015683_HSstart10000_HSduration5000.csv -van 1 -sfg 0
Start : 01/07/24 22:47:10
Script: HSPR_AZ_plot.py
Call  : -ids 2023-12-14_numIter5_Time20000.008778015683_HSstart10000_HSduration5000.csv -van 1 -sfg 1
Start : 01/07/24 22:57:21
Script: HSPR_AZ_plot.py
Call  : -ids 2023-12-14_numIter5_Time20000.008778015683_HSstart10000_HSduration5000.csv -van 1 -sfg 0
Start : 01/07/24 22:57:40
Script: HSPR_AZ_plot.py
Call  : -ids 2023-12-14_numIter5_Time20000.008778015683_HSstart10000_HSduration5000.csv -van 1 -sfg 0
Start : 01/07/24 22:58:19
Script: HSPR_AZ_plot.py
Call  : -ids 2023-12-14_numIter5_Time20000.008778015683_HSstart10000_HSduration5000.csv -van 1 -sfg 0
Start : 01/07/24 23:00:27
Script: HSPR_AZ_plot.py
Call  : -ids 2023-12-14_numIter5_Time20000.008778015683_HSstart10000_HSduration5000.csv -van 1 -sfg 0
Start : 01/07/24 23:00:47
Script: HSPR_AZ_plot.py
Call  : -ids 2023-12-14_numIter5_Time20000.008778015683_HSstart10000_HSduration5000.csv -van 1 -sfg 0
Start : 01/07/24 23:01:59
Script: HSPR_AZ_plot.py
Call  : -ids 2023-12-14_numIter5_Time20000.008778015683_HSstart10000_HSduration5000.csv -van 1 -sfg 0
Start : 01/07/24 23:02:36
Script: HSPR_AZ_plot.py
Call  : -ids 2023-12-14_numIter5_Time20000.008778015683_HSstart10000_HSduration5000.csv -van 1 -sfg 0
Start : 01/07/24 23:03:37
Script: HSPR_AZ_plot.py
Call  : -ids 2023-12-14_numIter5_Time20000.008778015683_HSstart10000_HSduration5000.csv -van 1 -sfg 0
Start : 01/07/24 23:06:00
Script: HSPR_AZ_plot.py
Call  : -ids 2023-12-14_numIter5_Time20000.008778015683_HSstart10000_HSduration5000.csv -van 1 -sfg 0
Start : 01/07/24 23:07:36
Script: HSPR_AZ_plot.py
Call  : -ids 2023-12-14_numIter5_Time20000.008778015683_HSstart10000_HSduration5000.csv -van 1 -sfg 1
Start : 01/07/24 23:09:20
Script: HSPR_AZ_plot.py
Call  : -ids 2023-12-14_numIter5_Time20000.008778015683_HSstart10000_HSduration5000.csv -van 1 -sfg 1
Start : 01/07/24 23:10:29
Script: HSPR_AZ_plot.py
Call  : -ids 2023-12-14_numIter5_Time20000.008778015683_HSstart10000_HSduration5000.csv -van 1 -sfg 1
Start : 01/07/24 23:11:06
Script: HSPR_AZ_plot.py
Call  : -ids 2023-12-14_numIter5_Time20000.008778015683_HSstart10000_HSduration5000.csv -van 1 -sfg 0
Start : 01/07/24 23:11:16
Script: HSPR_AZ_plot.py
Call  : -ids 2023-12-14_numIter5_Time20000.008778015683_HSstart10000_HSduration5000.csv -van 1 -sfg 0
Start : 01/07/24 23:11:39
Script: HSPR_AZ_plot.py
Call  : -ids 2023-12-14_numIter5_Time20000.008778015683_HSstart10000_HSduration5000.csv -van 1 -sfg 0
Start : 01/07/24 23:12:07
Script: HSPR_AZ_plot.py
Call  : -ids 2023-12-14_numIter5_Time20000.008778015683_HSstart10000_HSduration5000.csv -van 1 -sfg 0
Start : 01/10/24 17:23:00
Script: HSPR_AZ_plot.py
Call  : -ids 2024-01-10_numIter2_Time20000.035229609115_HSstart10000_HSduration5000.csv
Start : 01/10/24 17:25:11
Script: HSPR_AZ_plot.py
Call  : -ids 2024-01-10_numIter2_Time20000.035229609115_HSstart10000_HSduration5000.csv
Start : 01/10/24 17:50:41
Script: HSPR_AZ_plot.py
Call  : -ids 2024-01-10_numIter2_Time20000.035229609115_HSstart10000_HSduration5000.csv -van 1
Start : 01/10/24 17:52:19
Script: HSPR_AZ_plot.py
Call  : -ids 2023-12-14_numIter10_Time20000.006174139522_HSstart10000_HSduration5000.csv -van 1 -sfg 0
Start : 01/10/24 18:12:47
Script: HSPR_AZ_plot.py
Call  : -ids 2023-12-14_numIter10_Time20000.006174139522_HSstart10000_HSduration5000.csv -van 1 -sfg 0
Start : 01/10/24 18:13:22
Script: HSPR_AZ_plot.py
Call  : -ids 2023-12-14_numIter10_Time20000.006174139522_HSstart10000_HSduration5000.csv -van 1 -sfg 0
Start : 01/10/24 18:29:56
Script: HSPR_AZ_plot.py
Call  : -ids 2023-12-14_numIter10_Time20000.006174139522_HSstart10000_HSduration5000.csv
Start : 01/10/24 18:30:20
Script: HSPR_AZ_plot.py
Call  : -ids 2023-12-14_numIter10_Time20000.006174139522_HSstart10000_HSduration5000.csv
Start : 01/10/24 18:31:04
Script: HSPR_AZ_plot.py
Call  : -ids 2023-12-14_numIter10_Time20000.006174139522_HSstart10000_HSduration5000.csv
Start : 01/10/24 18:32:18
Script: HSPR_AZ_plot.py
Call  : -ids 2023-12-14_numIter10_Time20000.006174139522_HSstart10000_HSduration5000.csv
Start : 01/10/24 18:34:55
Script: HSPR_AZ_plot.py
Call  : -ids 2023-12-14_numIter10_Time20000.006174139522_HSstart10000_HSduration5000.csv
Start : 01/10/24 18:37:41
Script: HSPR_AZ_plot.py
Call  : -ids 2023-12-14_numIter10_Time20000.006174139522_HSstart10000_HSduration5000.csv
Start : 01/10/24 18:39:51
Script: HSPR_AZ_plot.py
Call  : -ids 2023-12-14_numIter10_Time20000.006174139522_HSstart10000_HSduration5000.csv
Start : 01/10/24 18:40:41
Script: HSPR_AZ_plot.py
Call  : -ids 2023-12-14_numIter10_Time20000.006174139522_HSstart10000_HSduration5000.csv
Start : 01/10/24 18:43:33
Script: HSPR_AZ_plot.py
Call  : -ids 2023-12-14_numIter10_Time20000.006174139522_HSstart10000_HSduration5000.csv
Start : 01/10/24 18:43:49
Script: HSPR_AZ_plot.py
Call  : -ids 2023-12-14_numIter10_Time20000.006174139522_HSstart10000_HSduration5000.csv
Start : 01/10/24 18:44:43
Script: HSPR_AZ_plot.py
Call  : -ids 2023-12-14_numIter10_Time20000.006174139522_HSstart10000_HSduration5000.csv
Start : 01/10/24 18:44:59
Script: HSPR_AZ_plot.py
Call  : -ids 2023-12-14_numIter10_Time20000.006174139522_HSstart10000_HSduration5000.csv
Start : 01/18/24 15:04:19
Script: HSPR_AZ_plot.py
Call  : -ids 2024-01-18_numIter5_Time20000.017408643056_HSstart10000_HSduration5000.csv -van 1
Start : 01/18/24 15:23:49
Script: HSPR_AZ_plot.py
Call  : -ids 2024-01-18_numIter5_Time20000.00196768318_HSstart10000_HSduration5000.csv -van 1
Start : 01/19/24 15:08:55
Script: HSPR_AZ_plot.py
Call  : -nit 3 -tsp 10000 -hss 3000 -hsd 2500
Start : 01/19/24 15:09:45
Script: HSPR_AZ_plot.py
Call  : -nit 3 -tsp 10000 --heatShockStart 3000 -hsd 2500
Start : 01/19/24 15:11:07
Script: HSPR_AZ_plot.py
Call  : -nit 3 -tsp 10000 -hss 3000 -hsd 2500
Start : 01/19/24 15:11:50
Script: HSPR_AZ_plot.py
Call  : -nit 3 -tsp 10000 --heatShockStart 3000 -heatShockDuration 2500
Start : 01/19/24 15:11:58
Script: HSPR_AZ_plot.py
Call  : -nit 3 -tsp 10000 --heatShockStart 3000 --heatShockDuration 2500
Start : 01/19/24 15:13:21
Script: HSPR_AZ_plot.py
Call  : -ids 2024-01-19_numIter3_Time10000.005551377395_HSstart3000_HSduration2500.csv
Start : 01/19/24 15:42:22
Script: HSPR_AZ_plot.py
Call  : -nit 3 -tsp 10000 --heatShockStart 3000 --heatShockDuration 2500
Start : 01/19/24 18:41:41
Script: HSPR_AZ_plot.py
Call  : -nit 3 -tsp 10000 --heatShockStart 3000 --heatShockDuration 2500
Start : 01/26/24 14:18:16
Script: HSPR_AZ_plot.py
Call  : -ops 2024-01-26_numIter5_Time200.0110361689186_HSstart100_HSduration3.csv
Start : 01/26/24 14:19:02
Script: HSPR_AZ_plot.py
Call  : -ids 2024-01-26_numIter5_Time200.0110361689186_HSstart100_HSduration3.csv
Start : 01/26/24 14:20:16
Script: HSPR_AZ_plot.py
Call  : -ids 2024-01-26_numIter5_Time200.03244251711814_HSstart100_HSduration3.csv
Start : 01/26/24 14:23:10
Script: HSPR_AZ_plot.py
Call  : -ids 2024-01-26_numIter5_Time2000.0327083226398_HSstart1000_HSduration30.csv
